mode: set
noahcarniglia/bookings/internal/render/render.go:20.39,22.2 1 1
noahcarniglia/bookings/internal/render/render.go:24.84,30.2 5 1
noahcarniglia/bookings/internal/render/render.go:33.105,37.18 2 1
noahcarniglia/bookings/internal/render/render.go:37.18,39.3 1 0
noahcarniglia/bookings/internal/render/render.go:39.8,41.3 1 1
noahcarniglia/bookings/internal/render/render.go:43.2,44.9 2 1
noahcarniglia/bookings/internal/render/render.go:44.9,46.3 1 1
noahcarniglia/bookings/internal/render/render.go:48.2,54.16 5 1
noahcarniglia/bookings/internal/render/render.go:54.16,56.3 1 0
noahcarniglia/bookings/internal/render/render.go:58.2,58.12 1 1
noahcarniglia/bookings/internal/render/render.go:61.67,66.16 3 1
noahcarniglia/bookings/internal/render/render.go:66.16,68.3 1 0
noahcarniglia/bookings/internal/render/render.go:70.2,70.29 1 1
noahcarniglia/bookings/internal/render/render.go:70.29,73.17 3 1
noahcarniglia/bookings/internal/render/render.go:73.17,75.4 1 0
noahcarniglia/bookings/internal/render/render.go:77.3,78.17 2 1
noahcarniglia/bookings/internal/render/render.go:78.17,80.4 1 0
noahcarniglia/bookings/internal/render/render.go:82.3,82.23 1 1
noahcarniglia/bookings/internal/render/render.go:82.23,84.18 2 1
noahcarniglia/bookings/internal/render/render.go:84.18,86.5 1 0
noahcarniglia/bookings/internal/render/render.go:89.3,89.21 1 1
noahcarniglia/bookings/internal/render/render.go:92.2,92.21 1 1
